2021-03-30 09:47:41,227 INFO o.a.j.u.JMeterUtils: Setting Locale to en_EN
2021-03-30 09:47:41,247 INFO o.a.j.JMeter: Copyright (c) 1998-2019 The Apache Software Foundation
2021-03-30 09:47:41,247 INFO o.a.j.JMeter: Version 5.2.1
2021-03-30 09:47:41,247 INFO o.a.j.JMeter: java.version=1.8.0_192
2021-03-30 09:47:41,247 INFO o.a.j.JMeter: java.vm.name=Java HotSpot(TM) 64-Bit Server VM
2021-03-30 09:47:41,248 INFO o.a.j.JMeter: os.name=Mac OS X
2021-03-30 09:47:41,248 INFO o.a.j.JMeter: os.arch=x86_64
2021-03-30 09:47:41,248 INFO o.a.j.JMeter: os.version=10.15.7
2021-03-30 09:47:41,248 INFO o.a.j.JMeter: file.encoding=UTF-8
2021-03-30 09:47:41,248 INFO o.a.j.JMeter: java.awt.headless=null
2021-03-30 09:47:41,248 INFO o.a.j.JMeter: Max memory     =1073741824
2021-03-30 09:47:41,248 INFO o.a.j.JMeter: Available Processors =8
2021-03-30 09:47:41,252 INFO o.a.j.JMeter: Default Locale=English (EN)
2021-03-30 09:47:41,252 INFO o.a.j.JMeter: JMeter  Locale=English (EN)
2021-03-30 09:47:41,252 INFO o.a.j.JMeter: JMeterHome=/Users/danieltadesse/kasisto/kai_perf_tools/capi_jmeter
2021-03-30 09:47:41,252 INFO o.a.j.JMeter: user.dir  =/Users/danieltadesse/kasisto/kai_perf_tools/capi_jmeter/bin
2021-03-30 09:47:41,253 INFO o.a.j.JMeter: PWD       =/Users/danieltadesse/kasisto/kai_perf_tools/capi_jmeter/bin
2021-03-30 09:47:41,254 INFO o.a.j.JMeter: IP: 127.0.0.1 Name: Daniels-MacBook-Pro.local FullName: localhost
2021-03-30 09:47:42,402 INFO o.a.j.g.a.LookAndFeelCommand: Installing Darcula LAF
2021-03-30 09:47:42,418 INFO o.a.j.g.a.LookAndFeelCommand: Using look and feel: com.apple.laf.AquaLookAndFeel [Darcula]
2021-03-30 09:47:42,419 INFO o.a.j.JMeter: Setting LAF to: com.apple.laf.AquaLookAndFeel
2021-03-30 09:47:42,421 INFO o.a.j.JMeter: Loaded icon properties from org/apache/jmeter/images/icon.properties
2021-03-30 09:47:43,226 INFO o.j.r.JARSourceHTTP: Requesting https://jmeter-plugins.org/repo/?installID=mac_os_x-df6e28fb1d4c61408825ef72bc0a140b-gui
2021-03-30 09:47:44,387 INFO o.j.r.PluginManager: Plugins Status: [jpgc-graphs-basic=2.0, jpgc-graphs-additional=2.0, jpgc-functions=2.1, jpgc-casutg=2.9, jpgc-dummy=0.4, jpgc-filterresults=2.2, jpgc-ffw=2.0, jpgc-fifo=0.2, jpgc-perfmon=2.1, jpgc-plugins-manager=1.4, bzm-random-csv=0.6, jpgc-synthesis=2.2, jpgc-tst=2.5, jpgc-csvars=0.1, jmeter-core=5.2.1, jmeter-ftp=5.2.1, jmeter-http=5.2.1, jmeter-jdbc=5.2.1, jmeter-jms=5.2.1, jmeter-junit=5.2.1, jmeter-java=5.2.1, jmeter-ldap=5.2.1, jmeter-mail=5.2.1, jmeter-mongodb=5.2.1, jmeter-native=5.2.1, jmeter-tcp=5.2.1, jmeter-components=5.2.1, jpgc-standard=2.0]
2021-03-30 09:47:44,396 INFO o.j.r.PluginManagerMenuItem: Plugins Manager has upgrades: [jpgc-plugins-manager, bzm-random-csv]
2021-03-30 09:47:44,708 WARN o.a.j.g.ObjectTableModel: Header count=13 but classes count=11
2021-03-30 09:47:44,709 WARN o.a.j.g.ObjectTableModel: Header count=13 but writeFunctor count=11
2021-03-30 09:47:44,915 INFO o.a.j.u.BSFTestElement: Registering JMeter version of JavaScript engine as work-round for BSF-22
2021-03-30 09:47:45,795 INFO o.a.j.e.KeyToolUtils: keytool found at 'keytool'
2021-03-30 09:47:45,796 INFO o.a.j.p.h.p.ProxyControl: HTTP(S) Test Script Recorder SSL Proxy will use keys that support embedded 3rd party resources in file /Users/danieltadesse/kasisto/kai_perf_tools/capi_jmeter/bin/proxyserver.jks
2021-03-30 09:47:45,937 INFO o.a.j.s.FileServer: Default base='/Users/danieltadesse/kasisto/kai_perf_tools/capi_jmeter/bin'
2021-03-30 09:47:46,209 INFO o.a.j.s.SampleResult: Note: Sample TimeStamps are END times
2021-03-30 09:47:46,209 INFO o.a.j.s.SampleResult: sampleresult.default.encoding is set to ISO-8859-1
2021-03-30 09:47:46,209 INFO o.a.j.s.SampleResult: sampleresult.useNanoTime=true
2021-03-30 09:47:46,209 INFO o.a.j.s.SampleResult: sampleresult.nanoThreadSleep=5000
2021-03-30 09:48:16,110 INFO o.a.j.g.a.Load: Loading file: /Users/danieltadesse/kasisto/kai_perf_tools/capi_jmeter/configs/kcb/kai.jmx
2021-03-30 09:48:16,110 INFO o.a.j.s.FileServer: Set new base='/Users/danieltadesse/kasisto/kai_perf_tools/capi_jmeter/configs/kcb'
2021-03-30 09:48:16,223 INFO o.a.j.s.SaveService: Testplan (JMX) version: 2.2. Testlog (JTL) version: 2.2
2021-03-30 09:48:16,261 INFO o.a.j.s.SaveService: Using SaveService properties file encoding UTF-8
2021-03-30 09:48:16,267 INFO o.a.j.s.SaveService: Using SaveService properties version 5.0
2021-03-30 09:48:16,271 INFO o.a.j.s.SaveService: Loading file: /Users/danieltadesse/kasisto/kai_perf_tools/capi_jmeter/configs/kcb/kai.jmx
2021-03-30 09:48:16,398 INFO o.a.j.p.h.c.CookieManager: Settings: Delete null: true Check: true Allow variable: true Save: false Prefix: COOKIE_
2021-03-30 09:48:17,060 INFO o.a.j.s.FileServer: Set new base='/Users/danieltadesse/kasisto/kai_perf_tools/capi_jmeter/configs/kcb'
2021-03-30 09:48:25,833 INFO o.a.j.e.StandardJMeterEngine: Running the test!
2021-03-30 09:48:25,834 INFO o.a.j.s.SampleEvent: List of sample_variables: []
2021-03-30 09:48:25,834 INFO o.a.j.s.SampleEvent: List of sample_variables: []
2021-03-30 09:48:25,847 INFO o.a.j.g.u.JMeterMenuBar: setRunning(true, *local*)
2021-03-30 09:48:25,988 INFO o.a.j.e.StandardJMeterEngine: Starting ThreadGroup: 1 : NBT_TEST
2021-03-30 09:48:25,988 INFO o.a.j.e.StandardJMeterEngine: Starting 1 threads for group NBT_TEST.
2021-03-30 09:48:25,988 INFO o.a.j.e.StandardJMeterEngine: Thread will continue on error
2021-03-30 09:48:25,989 INFO k.a.j.t.AbstractSimpleThreadGroup: Starting thread group number 1 threads 1
2021-03-30 09:48:25,990 INFO k.a.j.t.AbstractSimpleThreadGroup: Started thread group number 1
2021-03-30 09:48:25,990 INFO o.a.j.e.StandardJMeterEngine: All thread groups have been started
2021-03-30 09:48:35,991 INFO o.a.j.t.JMeterThread: Thread started: NBT_TEST 1-1
2021-03-30 09:48:35,993 INFO o.a.j.s.FileServer: Stored: /Users/danieltadesse/kasisto/kai_perf_tools/capi_jmeter/configs/common/token_nbt_file.csv Alias: /Users/danieltadesse/kasisto/kai_perf_tools/capi_jmeter/configs/common/token_nbt_file.csv@1723201712
2021-03-30 09:48:36,000 INFO o.a.j.p.h.s.HTTPHCAbstractImpl: Local host = Daniels-MacBook-Pro.local
2021-03-30 09:48:36,003 INFO o.a.j.p.h.s.HTTPHC4Impl: HTTP request retry count = 0
2021-03-30 09:48:36,124 INFO o.a.j.p.h.s.h.LazyLayeredConnectionSocketFactory: Setting up HTTPS TrustAll Socket Factory
2021-03-30 09:48:36,126 INFO o.a.j.u.JsseSSLManager: Using default SSL protocol: TLS
2021-03-30 09:48:36,126 INFO o.a.j.u.JsseSSLManager: SSL session context: per-thread
2021-03-30 09:48:36,163 INFO o.a.j.u.SSLManager: JmeterKeyStore Location:  type JKS
2021-03-30 09:48:36,164 INFO o.a.j.u.SSLManager: KeyStore created OK
2021-03-30 09:48:36,164 WARN o.a.j.u.SSLManager: Keystore file not found, loading empty keystore
2021-03-30 09:48:40,583 INFO o.a.j.f.FileWrapper: Attaching /Users/danieltadesse/kasisto/kai_perf_tools/capi_jmeter/configs/common/tokenKCBHD.csv
2021-03-30 09:48:40,583 INFO o.a.j.f.FileWrapper: Opening /Users/danieltadesse/kasisto/kai_perf_tools/capi_jmeter/configs/common/tokenKCBHD.csv as /Users/danieltadesse/kasisto/kai_perf_tools/capi_jmeter/configs/common/tokenKCBHD.csv
2021-03-30 09:48:40,584 INFO o.a.j.s.FileServer: Stored: /Users/danieltadesse/kasisto/kai_perf_tools/capi_jmeter/configs/common/tokenKCBHD.csv
2021-03-30 09:48:40,586 INFO o.a.j.f.FileWrapper: Saved /Users/danieltadesse/kasisto/kai_perf_tools/capi_jmeter/configs/common/tokenKCBHD.csv as /Users/danieltadesse/kasisto/kai_perf_tools/capi_jmeter/configs/common/tokenKCBHD.csv delimiter=<,>
2021-03-30 09:48:40,586 INFO o.a.j.f.FileWrapper: Stored /Users/danieltadesse/kasisto/kai_perf_tools/capi_jmeter/configs/common/tokenKCBHD.csv as /Users/danieltadesse/kasisto/kai_perf_tools/capi_jmeter/configs/common/tokenKCBHD.csv
2021-03-30 09:48:57,291 INFO o.a.j.g.a.Start: Stopping test
2021-03-30 09:48:57,303 INFO o.a.j.t.JMeterThread: Stopping: NBT_TEST 1-1
2021-03-30 09:48:57,303 WARN o.a.j.t.JMeterThread: Interrupting: NBT_TEST 1-1 sampler: ${token}
2021-03-30 09:48:57,308 INFO o.a.j.t.JMeterThread: Thread finished: NBT_TEST 1-1
2021-03-30 09:48:57,309 INFO o.a.j.e.StandardJMeterEngine: Notifying test listeners of end of test
2021-03-30 09:48:57,309 INFO o.a.j.s.FileServer: Close: /Users/danieltadesse/kasisto/kai_perf_tools/capi_jmeter/configs/common/token_nbt_file.csv@1723201712
2021-03-30 09:48:57,310 INFO o.a.j.g.u.JMeterMenuBar: setRunning(false, *local*)
